2017-12-27 02:01:03 Error: [Cake\Database\Exception] SQLSTATE[42000]: Syntax error or access violation: 1064 You have an error in your SQL syntax; check the manual that corresponds to your MySQL server version for the right syntax to use near '[canner]' at line 1 in /var/www/html/Canner/vendor/cakephp/cakephp/src/Database/Schema/Collection.php on line 131
Stack Trace:
#0 /var/www/html/Canner/vendor/cakephp/cakephp/src/Database/Schema/Collection.php(97): Cake\Database\Schema\Collection->_reflect('Column', '[canner]', Array, Object(Cake\Database\Schema\TableSchema))
#1 /var/www/html/Canner/vendor/cakephp/cakephp/src/Database/Schema/CachedCollection.php(63): Cake\Database\Schema\Collection->describe('[canner]', Array)
#2 /var/www/html/Canner/vendor/cakephp/cakephp/src/ORM/Table.php(532): Cake\Database\Schema\CachedCollection->describe('[canner]')
#3 /var/www/html/Canner/vendor/cakephp/cakephp/src/ORM/Table.php(653): Cake\ORM\Table->getSchema()
#4 /var/www/html/Canner/vendor/cakephp/bake/src/Shell/Task/ModelTask.php(220): Cake\ORM\Table->getPrimaryKey()
#5 /var/www/html/Canner/vendor/cakephp/bake/src/Shell/Task/ModelTask.php(130): Bake\Shell\Task\ModelTask->getAssociations(Object(Cake\ORM\Table))
#6 /var/www/html/Canner/vendor/cakephp/bake/src/Shell/Task/ModelTask.php(113): Bake\Shell\Task\ModelTask->getTableContext(Object(Cake\ORM\Table), '[canner]', '[Canner]')
#7 /var/www/html/Canner/vendor/cakephp/bake/src/Shell/Task/ModelTask.php(100): Bake\Shell\Task\ModelTask->bake('[Canner]')
#8 /var/www/html/Canner/vendor/cakephp/bake/src/Shell/BakeShell.php(264): Bake\Shell\Task\ModelTask->main('[Canner]')
#9 /var/www/html/Canner/vendor/cakephp/cakephp/src/Collection/CollectionTrait.php(51): Bake\Shell\BakeShell->Bake\Shell\{closure}('[Canner]', 0)
#10 /var/www/html/Canner/vendor/cakephp/bake/src/Shell/BakeShell.php(265): Cake\Collection\Collection->each(Object(Closure))
#11 /var/www/html/Canner/vendor/cakephp/cakephp/src/Console/Shell.php(493): Bake\Shell\BakeShell->all('[Canner]')
#12 /var/www/html/Canner/vendor/cakephp/cakephp/src/Console/CommandRunner.php(141): Cake\Console\Shell->runCommand(Array, true)
#13 /var/www/html/Canner/bin/cake.php(12): Cake\Console\CommandRunner->run(Array)
#14 {main}


2017-12-27 02:01:43 Error: [Cake\Database\Exception] SQLSTATE[42S02]: Base table or view not found: 1146 Table 'CannerDB.canner' doesn't exist in /var/www/html/Canner/vendor/cakephp/cakephp/src/Database/Schema/Collection.php on line 131
Stack Trace:
#0 /var/www/html/Canner/vendor/cakephp/cakephp/src/Database/Schema/Collection.php(97): Cake\Database\Schema\Collection->_reflect('Column', 'canner', Array, Object(Cake\Database\Schema\TableSchema))
#1 /var/www/html/Canner/vendor/cakephp/cakephp/src/Database/Schema/CachedCollection.php(63): Cake\Database\Schema\Collection->describe('canner', Array)
#2 /var/www/html/Canner/vendor/cakephp/cakephp/src/ORM/Table.php(532): Cake\Database\Schema\CachedCollection->describe('canner')
#3 /var/www/html/Canner/vendor/cakephp/cakephp/src/ORM/Table.php(653): Cake\ORM\Table->getSchema()
#4 /var/www/html/Canner/vendor/cakephp/bake/src/Shell/Task/ModelTask.php(220): Cake\ORM\Table->getPrimaryKey()
#5 /var/www/html/Canner/vendor/cakephp/bake/src/Shell/Task/ModelTask.php(130): Bake\Shell\Task\ModelTask->getAssociations(Object(Cake\ORM\Table))
#6 /var/www/html/Canner/vendor/cakephp/bake/src/Shell/Task/ModelTask.php(113): Bake\Shell\Task\ModelTask->getTableContext(Object(Cake\ORM\Table), 'canner', 'Canner')
#7 /var/www/html/Canner/vendor/cakephp/bake/src/Shell/Task/ModelTask.php(100): Bake\Shell\Task\ModelTask->bake('Canner')
#8 /var/www/html/Canner/vendor/cakephp/bake/src/Shell/BakeShell.php(264): Bake\Shell\Task\ModelTask->main('Canner')
#9 /var/www/html/Canner/vendor/cakephp/cakephp/src/Collection/CollectionTrait.php(51): Bake\Shell\BakeShell->Bake\Shell\{closure}('Canner', 0)
#10 /var/www/html/Canner/vendor/cakephp/bake/src/Shell/BakeShell.php(265): Cake\Collection\Collection->each(Object(Closure))
#11 /var/www/html/Canner/vendor/cakephp/cakephp/src/Console/Shell.php(493): Bake\Shell\BakeShell->all('Canner')
#12 /var/www/html/Canner/vendor/cakephp/cakephp/src/Console/CommandRunner.php(141): Cake\Console\Shell->runCommand(Array, true)
#13 /var/www/html/Canner/bin/cake.php(12): Cake\Console\CommandRunner->run(Array)
#14 {main}


